Thu Sep 07 2017 05:13:50 GMT-0700 (Pacific Daylight Time): GET /Thu Sep 07 2017 05:14:45 GMT-0700 (Pacific Daylight Time): GET //nThu Sep 07 2017 05:15:17 GMT-0700 (Pacific Daylight Time): GET /
Thu Sep 07 2017 05:16:11 GMT-0700 (Pacific Daylight Time): GET /about
Thu Sep 07 2017 05:16:25 GMT-0700 (Pacific Daylight Time): GET /
Thu Sep 07 2017 05:21:46 GMT-0700 (Pacific Daylight Time): GET /
Thu Sep 07 2017 05:25:20 GMT-0700 (Pacific Daylight Time): GET /
Thu Sep 07 2017 05:26:00 GMT-0700 (Pacific Daylight Time): GET /
Thu Sep 07 2017 05:26:07 GMT-0700 (Pacific Daylight Time): GET /about
Thu Sep 07 2017 05:26:12 GMT-0700 (Pacific Daylight Time): GET /home
Thu Sep 07 2017 05:26:16 GMT-0700 (Pacific Daylight Time): GET /homej
Thu Sep 07 2017 06:10:01 GMT-0700 (Pacific Daylight Time): GET /help.html
Thu Sep 07 2017 06:10:01 GMT-0700 (Pacific Daylight Time): GET /favicon.ico
Thu Sep 07 2017 06:10:06 GMT-0700 (Pacific Daylight Time): GET /help.html
Thu Sep 07 2017 06:10:06 GMT-0700 (Pacific Daylight Time): GET /favicon.ico
Thu Sep 07 2017 06:10:11 GMT-0700 (Pacific Daylight Time): GET /
Thu Sep 07 2017 06:10:11 GMT-0700 (Pacific Daylight Time): GET /favicon.ico
Thu Sep 07 2017 06:11:03 GMT-0700 (Pacific Daylight Time): GET /
Thu Sep 07 2017 06:11:03 GMT-0700 (Pacific Daylight Time): GET /favicon.ico
Thu Sep 07 2017 06:11:09 GMT-0700 (Pacific Daylight Time): GET /about
Thu Sep 07 2017 06:11:09 GMT-0700 (Pacific Daylight Time): GET /favicon.ico
Thu Sep 07 2017 06:11:13 GMT-0700 (Pacific Daylight Time): GET /help.html
Thu Sep 07 2017 06:11:13 GMT-0700 (Pacific Daylight Time): GET /favicon.ico
Thu Sep 07 2017 06:11:15 GMT-0700 (Pacific Daylight Time): GET /help.html
Thu Sep 07 2017 06:11:15 GMT-0700 (Pacific Daylight Time): GET /favicon.ico
Thu Sep 07 2017 06:12:36 GMT-0700 (Pacific Daylight Time): GET /help.html
Thu Sep 07 2017 06:12:37 GMT-0700 (Pacific Daylight Time): GET /favicon.ico
Thu Sep 07 2017 06:12:42 GMT-0700 (Pacific Daylight Time): GET /about
Thu Sep 07 2017 06:12:43 GMT-0700 (Pacific Daylight Time): GET /
